<?xml version="1.0" encoding="UTF-8"?>
<testsuite name="org.ait.phonebook.RemoveContactTests" tests="1" skipped="0" failures="0" errors="0" timestamp="2023-09-07T10:27:15" hostname="LSDGLIDER2" time="1.838">
  <properties/>
  <testcase name="removeContactPositiveTest" classname="org.ait.phonebook.RemoveContactTests" time="1.838"/>
  <system-out><![CDATA[]]></system-out>
  <system-err><![CDATA[]]></system-err>
</testsuite>
